D:\Spring-Projects\zephyr-shop>mvn -DskipTests clean install
[INFO] Scanning for projects...
[WARNING]
[WARNING] Some problems were encountered while building the effective model for com.zephyr:common:jar:0.0.1-SNAPSHOT
[WARNING] 'build.plugins.plugin.version' for org.apache.maven.plugins:maven-compiler-plugin is missing. @ line 42, column 12
[WARNING] 'build.plugins.plugin.version' for org.springframework.boot:spring-boot-maven-plugin is missing. @ line 54, column 12
[WARNING]
[WARNING] Some problems were encountered while building the effective model for com.shop:product-catalog:jar:0.0.1-SNAPSHOT
[WARNING] 'build.plugins.plugin.version' for org.apache.maven.plugins:maven-compiler-plugin is missing. @ line 85, column 12
[WARNING] 'build.plugins.plugin.version' for org.springframework.boot:spring-boot-maven-plugin is missing. @ line 97, column 12
[WARNING]
[WARNING] Some problems were encountered while building the effective model for com.shop:order-service:jar:0.0.1-SNAPSHOT
[WARNING] 'build.plugins.plugin.version' for org.apache.maven.plugins:maven-compiler-plugin is missing. @ line 96, column 12
[WARNING] 'build.plugins.plugin.version' for org.springframework.boot:spring-boot-maven-plugin is missing. @ line 108, column 12
[WARNING]
[WARNING] Some problems were encountered while building the effective model for com.zephyr:zephyr-parent:pom:0.0.1-SNAPSHOT
[WARNING] 'build.plugins.plugin.version' for org.apache.maven.plugins:maven-compiler-plugin is missing. @ line 46, column 11
[WARNING] 'build.plugins.plugin.version' for org.springframework.boot:spring-boot-maven-plugin is missing. @ line 57, column 11
[WARNING]
[WARNING] It is highly recommended to fix these problems because they threaten the stability of your build.
[WARNING]
[WARNING] For this reason, future Maven versions might no longer support building such malformed projects.
[WARNING]
[INFO] ------------------------------------------------------------------------
[INFO] Reactor Build Order:
[INFO]
[INFO] zephyr-parent                                                      [pom]
[INFO] common                                                             [jar]
[INFO] product-catalog                                                    [jar]
[INFO] order-service                                                      [jar]
[INFO]
[INFO] ----------------------< com.zephyr:zephyr-parent >----------------------
[INFO] Building zephyr-parent 0.0.1-SNAPSHOT                              [1/4]
[INFO]   from pom.xml
[INFO] --------------------------------[ pom ]---------------------------------
[WARNING] Ignoring incompatible plugin version 4.0.0-beta-2: The plugin org.apache.maven.plugins:maven-compiler-plugin:4.0.0-beta-2 requires Maven version 4.0.0-rc-2
[INFO] Latest version of plugin org.apache.maven.plugins:maven-compiler-plugin failed compatibility check
[INFO] Looking for compatible RELEASE version of plugin org.apache.maven.plugins:maven-compiler-plugin
[WARNING] Ignoring incompatible plugin version 4.0.0-beta-1: The plugin org.apache.maven.plugins:maven-compiler-plugin:4.0.0-beta-1 requires Maven version 4.0.0-beta-3
[INFO] Selected plugin org.apache.maven.plugins:maven-compiler-plugin:3.14.0
[INFO]
[INFO] --- clean:3.2.0:clean (default-clean) @ zephyr-parent ---
[INFO]
[INFO] --- install:3.1.2:install (default-install) @ zephyr-parent ---
[INFO] Installing D:\Spring-Projects\zephyr-shop\pom.xml to C:\Users\saifm\.m2\repository\com\zephyr\zephyr-parent\0.0.1-SNAPSHOT\zephyr-parent-0.0.1-SNAPSHOT.pom
[INFO]
[INFO] -------------------------< com.zephyr:common >--------------------------
[INFO] Building common 0.0.1-SNAPSHOT                                     [2/4]
[INFO]   from common\common\pom.xml
[INFO] --------------------------------[ jar ]---------------------------------
[INFO]
[INFO] --- clean:3.2.0:clean (default-clean) @ common ---
[INFO] Deleting D:\Spring-Projects\zephyr-shop\common\common\target
[INFO]
[INFO] --- resources:3.3.1:resources (default-resources) @ common ---
[WARNING] Using platform encoding (Cp1252 actually) to copy filtered resources, i.e. build is platform dependent!
[INFO] Copying 1 resource from src\main\resources to target\classes
[INFO]
[INFO] --- compiler:3.13.0:compile (default-compile) @ common ---
[INFO] Recompiling the module because of changed source code.
[WARNING] File encoding has not been set, using platform encoding windows-1252, i.e. build is platform dependent!
[INFO] Compiling 4 source files with javac [debug parameters target 17] to target\classes
[INFO]
[INFO] --- resources:3.3.1:testResources (default-testResources) @ common ---
[WARNING] Using platform encoding (Cp1252 actually) to copy filtered resources, i.e. build is platform dependent!
[INFO] skip non existing resourceDirectory D:\Spring-Projects\zephyr-shop\common\common\src\test\resources
[INFO]
[INFO] --- compiler:3.13.0:testCompile (default-testCompile) @ common ---
[INFO] Recompiling the module because of changed dependency.
[WARNING] File encoding has not been set, using platform encoding windows-1252, i.e. build is platform dependent!
[INFO] Compiling 1 source file with javac [debug parameters target 17] to target\test-classes
[INFO]
[INFO] --- surefire:3.2.5:test (default-test) @ common ---
[INFO] Tests are skipped.
[INFO]
[INFO] --- jar:3.4.1:jar (default-jar) @ common ---
[INFO] Building jar: D:\Spring-Projects\zephyr-shop\common\common\target\common-0.0.1-SNAPSHOT.jar
[INFO]
[INFO] --- install:3.1.2:install (default-install) @ common ---
[INFO] Installing D:\Spring-Projects\zephyr-shop\common\common\pom.xml to C:\Users\saifm\.m2\repository\com\zephyr\common\0.0.1-SNAPSHOT\common-0.0.1-SNAPSHOT.pom
[INFO] Installing D:\Spring-Projects\zephyr-shop\common\common\target\common-0.0.1-SNAPSHOT.jar to C:\Users\saifm\.m2\repository\com\zephyr\common\0.0.1-SNAPSHOT\common-0.0.1-SNAPSHOT.jar
[INFO]
[INFO] ----------------------< com.shop:product-catalog >----------------------
[INFO] Building product-catalog 0.0.1-SNAPSHOT                            [3/4]
[INFO]   from product-catalog\product-catalog\pom.xml
[INFO] --------------------------------[ jar ]---------------------------------
[INFO]
[INFO] --- clean:3.2.0:clean (default-clean) @ product-catalog ---
[INFO] Deleting D:\Spring-Projects\zephyr-shop\product-catalog\product-catalog\target
[INFO]
[INFO] --- resources:3.3.1:resources (default-resources) @ product-catalog ---
[WARNING] Using platform encoding (Cp1252 actually) to copy filtered resources, i.e. build is platform dependent!
[INFO] Copying 1 resource from src\main\resources to target\classes
[INFO]
[INFO] --- compiler:3.13.0:compile (default-compile) @ product-catalog ---
[INFO] Recompiling the module because of changed dependency.
[WARNING] File encoding has not been set, using platform encoding windows-1252, i.e. build is platform dependent!
[INFO] Compiling 6 source files with javac [debug parameters target 17] to target\classes
[INFO]
[INFO] --- resources:3.3.1:testResources (default-testResources) @ product-catalog ---
[WARNING] Using platform encoding (Cp1252 actually) to copy filtered resources, i.e. build is platform dependent!
[INFO] Copying 0 resource from src\test\resources to target\test-classes
[INFO]
[INFO] --- compiler:3.13.0:testCompile (default-testCompile) @ product-catalog ---
[INFO] Recompiling the module because of changed dependency.
[WARNING] File encoding has not been set, using platform encoding windows-1252, i.e. build is platform dependent!
[INFO] Compiling 1 source file with javac [debug parameters target 17] to target\test-classes
[INFO]
[INFO] --- surefire:3.2.5:test (default-test) @ product-catalog ---
[INFO] Tests are skipped.
[INFO]
[INFO] --- jar:3.4.1:jar (default-jar) @ product-catalog ---
[INFO] Building jar: D:\Spring-Projects\zephyr-shop\product-catalog\product-catalog\target\product-catalog-0.0.1-SNAPSHOT.jar
[INFO]
[INFO] --- install:3.1.2:install (default-install) @ product-catalog ---
[INFO] Installing D:\Spring-Projects\zephyr-shop\product-catalog\product-catalog\pom.xml to C:\Users\saifm\.m2\repository\com\shop\product-catalog\0.0.1-SNAPSHOT\product-catalog-0.0.1-SNAPSHOT.pom
[INFO] Installing D:\Spring-Projects\zephyr-shop\product-catalog\product-catalog\target\product-catalog-0.0.1-SNAPSHOT.jar to C:\Users\saifm\.m2\repository\com\shop\product-catalog\0.0.1-SNAPSHOT\product-catalog-0.0.1-SNAPSHOT.jar
[INFO]
[INFO] -----------------------< com.shop:order-service >-----------------------
[INFO] Building order-service 0.0.1-SNAPSHOT                              [4/4]
[INFO]   from order-service\order-service\pom.xml
[INFO] --------------------------------[ jar ]---------------------------------
[INFO]
[INFO] --- clean:3.2.0:clean (default-clean) @ order-service ---
[INFO] Deleting D:\Spring-Projects\zephyr-shop\order-service\order-service\target
[INFO]
[INFO] --- resources:3.3.1:resources (default-resources) @ order-service ---
[WARNING] Using platform encoding (Cp1252 actually) to copy filtered resources, i.e. build is platform dependent!
[INFO] Copying 1 resource from src\main\resources to target\classes
[INFO]
[INFO] --- compiler:3.13.0:compile (default-compile) @ order-service ---
[INFO] Recompiling the module because of changed dependency.
[WARNING] File encoding has not been set, using platform encoding windows-1252, i.e. build is platform dependent!
[INFO] Compiling 7 source files with javac [debug parameters target 17] to target\classes
[INFO]
[INFO] --- resources:3.3.1:testResources (default-testResources) @ order-service ---
[WARNING] Using platform encoding (Cp1252 actually) to copy filtered resources, i.e. build is platform dependent!
[INFO] skip non existing resourceDirectory D:\Spring-Projects\zephyr-shop\order-service\order-service\src\test\resources
[INFO]
[INFO] --- compiler:3.13.0:testCompile (default-testCompile) @ order-service ---
[INFO] Recompiling the module because of changed dependency.
[WARNING] File encoding has not been set, using platform encoding windows-1252, i.e. build is platform dependent!
[INFO] Compiling 1 source file with javac [debug parameters target 17] to target\test-classes
[INFO]
[INFO] --- surefire:3.2.5:test (default-test) @ order-service ---
[INFO] Tests are skipped.
[INFO]
[INFO] --- jar:3.4.1:jar (default-jar) @ order-service ---
[INFO] Building jar: D:\Spring-Projects\zephyr-shop\order-service\order-service\target\order-service-0.0.1-SNAPSHOT.jar
[INFO]
[INFO] --- install:3.1.2:install (default-install) @ order-service ---
[INFO] Installing D:\Spring-Projects\zephyr-shop\order-service\order-service\pom.xml to C:\Users\saifm\.m2\repository\com\shop\order-service\0.0.1-SNAPSHOT\order-service-0.0.1-SNAPSHOT.pom
[INFO] Installing D:\Spring-Projects\zephyr-shop\order-service\order-service\target\order-service-0.0.1-SNAPSHOT.jar to C:\Users\saifm\.m2\repository\com\shop\order-service\0.0.1-SNAPSHOT\order-service-0.0.1-SNAPSHOT.jar
[INFO] ------------------------------------------------------------------------
[INFO] Reactor Summary for zephyr-parent 0.0.1-SNAPSHOT:
[INFO]
[INFO] zephyr-parent ...................................... SUCCESS [  0.625 s]
[INFO] common ............................................. SUCCESS [  6.057 s]
[INFO] product-catalog .................................... SUCCESS [  4.656 s]
[INFO] order-service ...................................... SUCCESS [  3.963 s]
[INFO] ------------------------------------------------------------------------
[INFO] BUILD SUCCESS
[INFO] ------------------------------------------------------------------------
[INFO] Total time:  16.003 s
[INFO] Finished at: 2025-07-01T13:59:06+05:30
[INFO] ------------------------------------------------------------------------

D:\Spring-Projects\zephyr-shop>

----------------------------------------------------------------------------------------------------------------------

D:\Spring-Projects\zephyr-shop\product-catalog\product-catalog>mvn spring-boot:run
[INFO] Scanning for projects...
[WARNING]
[WARNING] Some problems were encountered while building the effective model for com.shop:product-catalog:jar:0.0.1-SNAPSHOT
[WARNING] 'build.plugins.plugin.version' for org.apache.maven.plugins:maven-compiler-plugin is missing. @ line 85, column 12
[WARNING] 'build.plugins.plugin.version' for org.springframework.boot:spring-boot-maven-plugin is missing. @ line 97, column 12
[WARNING]
[WARNING] It is highly recommended to fix these problems because they threaten the stability of your build.
[WARNING]
[WARNING] For this reason, future Maven versions might no longer support building such malformed projects.
[WARNING]
[INFO]
[INFO] ----------------------< com.shop:product-catalog >----------------------
[INFO] Building product-catalog 0.0.1-SNAPSHOT
[INFO]   from pom.xml
[INFO] --------------------------------[ jar ]---------------------------------
[WARNING] Parameter 'source' is unknown for plugin 'spring-boot-maven-plugin:3.5.3:run (default-cli)'
[WARNING] Parameter 'parameters' is unknown for plugin 'spring-boot-maven-plugin:3.5.3:run (default-cli)'
[WARNING] Parameter 'target' is unknown for plugin 'spring-boot-maven-plugin:3.5.3:run (default-cli)'
[INFO]
[INFO] >>> spring-boot:3.5.3:run (default-cli) > test-compile @ product-catalog >>>
[INFO]
[INFO] --- resources:3.3.1:resources (default-resources) @ product-catalog ---
[WARNING] Using platform encoding (Cp1252 actually) to copy filtered resources, i.e. build is platform dependent!
[INFO] Copying 1 resource from src\main\resources to target\classes
[INFO]
[INFO] --- compiler:3.13.0:compile (default-compile) @ product-catalog ---
[INFO] Nothing to compile - all classes are up to date.
[INFO]
[INFO] --- resources:3.3.1:testResources (default-testResources) @ product-catalog ---
[WARNING] Using platform encoding (Cp1252 actually) to copy filtered resources, i.e. build is platform dependent!
[INFO] Copying 0 resource from src\test\resources to target\test-classes
[INFO]
[INFO] --- compiler:3.13.0:testCompile (default-testCompile) @ product-catalog ---
[INFO] Nothing to compile - all classes are up to date.
[INFO]
[INFO] <<< spring-boot:3.5.3:run (default-cli) < test-compile @ product-catalog <<<
[INFO]
[INFO]
[INFO] --- spring-boot:3.5.3:run (default-cli) @ product-catalog ---
[INFO] Attaching agents: []
  .   ____          _            __ _ _
 /\\ / ___'_ __ _ _(_)_ __  __ _ \ \ \ \
( ( )\___ | '_ | '_| | '_ \/ _` | \ \ \ \
 \\/  ___)| |_)| | | | | || (_| |  ) ) ) )
  '  |____| .__|_| |_|_| |_\__, | / / / /
 =========|_|==============|___/=/_/_/_/

 :: Spring Boot ::   v3.5.3
 :: Spring Cloud Stream ::   v4.3.0
 :: Spring Cloud Function ::   v4.3.0
2025-07-01T13:59:21.946+05:30  INFO 15896 --- [product-catalog] [           main] c.s.p.ProductCatalogApplication          : Starting ProductCatalogApplication using Java 17.0.12 with PID 15896 (D:\Spring-Projects\zephyr-shop\product-catalog\product-catalog\target\classes started by saifm in D:\Spring-Projects\zephyr-shop\product-catalog\product-catalog)
2025-07-01T13:59:21.953+05:30  INFO 15896 --- [product-catalog] [           main] c.s.p.ProductCatalogApplication          : No active profile set, falling back to 1 default profile: "default"
2025-07-01T13:59:22.968+05:30  INFO 15896 --- [product-catalog] [           main] .s.d.r.c.RepositoryConfigurationDelegate : Bootstrapping Spring Data R2DBC repositories in DEFAULT mode.
2025-07-01T13:59:23.214+05:30  INFO 15896 --- [product-catalog] [           main] .s.d.r.c.RepositoryConfigurationDelegate : Finished Spring Data repository scanning in 232 ms. Found 1 R2DBC repository interface.
2025-07-01T13:59:23.485+05:30  INFO 15896 --- [product-catalog] [           main] faultConfiguringBeanFactoryPostProcessor : No bean named 'errorChannel' has been explicitly defined. Therefore, a default PublishSubscribeChannel will be created.
2025-07-01T13:59:23.497+05:30  INFO 15896 --- [product-catalog] [           main] faultConfiguringBeanFactoryPostProcessor : No bean named 'integrationHeaderChannelRegistry' has been explicitly defined. Therefore, a default DefaultHeaderChannelRegistry will be created.
2025-07-01T13:59:25.611+05:30  WARN 15896 --- [product-catalog] [           main] c.f.c.c.BeanFactoryAwareFunctionRegistry : Multiple functional beans were found [stockReserved, onOrder], thus can't determine default function definition. Please use 'spring.cloud.function.definition' property to explicitly define it.
2025-07-01T13:59:25.917+05:30  INFO 15896 --- [product-catalog] [           main] o.s.i.endpoint.EventDrivenConsumer       : Adding {logging-channel-adapter:_org.springframework.integration.errorLogger} as a subscriber to the 'errorChannel' channel
2025-07-01T13:59:25.918+05:30  INFO 15896 --- [product-catalog] [           main] o.s.i.channel.PublishSubscribeChannel    : Channel 'product-catalog.errorChannel' has 1 subscriber(s).
2025-07-01T13:59:25.919+05:30  INFO 15896 --- [product-catalog] [           main] o.s.i.endpoint.EventDrivenConsumer       : started bean '_org.springframework.integration.errorLogger'
2025-07-01T13:59:26.198+05:30  INFO 15896 --- [product-catalog] [           main] o.s.b.web.embedded.netty.NettyWebServer  : Netty started on port 8081 (http)
2025-07-01T13:59:26.227+05:30  INFO 15896 --- [product-catalog] [           main] c.s.p.ProductCatalogApplication          : Started ProductCatalogApplication in 5.087 seconds (process running for 5.765)


--------------------------------------------------------------------------------------------------------------------------


D:\Spring-Projects\zephyr-shop\order-service\order-service>mvn spring-boot:run
[INFO] Scanning for projects...
[WARNING]
[WARNING] Some problems were encountered while building the effective model for com.shop:order-service:jar:0.0.1-SNAPSHOT
[WARNING] 'build.plugins.plugin.version' for org.apache.maven.plugins:maven-compiler-plugin is missing. @ line 96, column 12
[WARNING] 'build.plugins.plugin.version' for org.springframework.boot:spring-boot-maven-plugin is missing. @ line 108, column 12
[WARNING]
[WARNING] It is highly recommended to fix these problems because they threaten the stability of your build.
[WARNING]
[WARNING] For this reason, future Maven versions might no longer support building such malformed projects.
[WARNING]
[INFO]
[INFO] -----------------------< com.shop:order-service >-----------------------
[INFO] Building order-service 0.0.1-SNAPSHOT
[INFO]   from pom.xml
[INFO] --------------------------------[ jar ]---------------------------------
[WARNING] Parameter 'source' is unknown for plugin 'spring-boot-maven-plugin:3.5.3:run (default-cli)'
[WARNING] Parameter 'parameters' is unknown for plugin 'spring-boot-maven-plugin:3.5.3:run (default-cli)'
[WARNING] Parameter 'target' is unknown for plugin 'spring-boot-maven-plugin:3.5.3:run (default-cli)'
[INFO]
[INFO] >>> spring-boot:3.5.3:run (default-cli) > test-compile @ order-service >>>
[INFO]
[INFO] --- resources:3.3.1:resources (default-resources) @ order-service ---
[WARNING] Using platform encoding (Cp1252 actually) to copy filtered resources, i.e. build is platform dependent!
[INFO] Copying 1 resource from src\main\resources to target\classes
[INFO]
[INFO] --- compiler:3.13.0:compile (default-compile) @ order-service ---
[INFO] Nothing to compile - all classes are up to date.
[INFO]
[INFO] --- resources:3.3.1:testResources (default-testResources) @ order-service ---
[WARNING] Using platform encoding (Cp1252 actually) to copy filtered resources, i.e. build is platform dependent!
[INFO] skip non existing resourceDirectory D:\Spring-Projects\zephyr-shop\order-service\order-service\src\test\resources
[INFO]
[INFO] --- compiler:3.13.0:testCompile (default-testCompile) @ order-service ---
[INFO] Nothing to compile - all classes are up to date.
[INFO]
[INFO] <<< spring-boot:3.5.3:run (default-cli) < test-compile @ order-service <<<
[INFO]
[INFO]
[INFO] --- spring-boot:3.5.3:run (default-cli) @ order-service ---
[INFO] Attaching agents: []
  .   ____          _            __ _ _
 /\\ / ___'_ __ _ _(_)_ __  __ _ \ \ \ \
( ( )\___ | '_ | '_| | '_ \/ _` | \ \ \ \
 \\/  ___)| |_)| | | | | || (_| |  ) ) ) )
  '  |____| .__|_| |_|_| |_\__, | / / / /
 =========|_|==============|___/=/_/_/_/

 :: Spring Boot ::   v3.5.3
 :: Spring Cloud Stream ::   v4.3.0
 :: Spring Cloud Function ::   v4.3.0
2025-07-01T13:59:25.849+05:30  INFO 252 --- [order-service] [           main] c.s.o.OrderServiceApplication            : Starting OrderServiceApplication using Java 17.0.12 with PID 252 (D:\Spring-Projects\zephyr-shop\order-service\order-service\target\classes started by saifm in D:\Spring-Projects\zephyr-shop\order-service\order-service)
2025-07-01T13:59:25.854+05:30  INFO 252 --- [order-service] [           main] c.s.o.OrderServiceApplication            : No active profile set, falling back to 1 default profile: "default"
2025-07-01T13:59:26.777+05:30  INFO 252 --- [order-service] [           main] .s.d.r.c.RepositoryConfigurationDelegate : Bootstrapping Spring Data R2DBC repositories in DEFAULT mode.
2025-07-01T13:59:26.985+05:30  INFO 252 --- [order-service] [           main] .s.d.r.c.RepositoryConfigurationDelegate : Finished Spring Data repository scanning in 195 ms. Found 1 R2DBC repository interface.
2025-07-01T13:59:27.223+05:30  INFO 252 --- [order-service] [           main] faultConfiguringBeanFactoryPostProcessor : No bean named 'errorChannel' has been explicitly defined. Therefore, a default PublishSubscribeChannel will be created.
2025-07-01T13:59:27.235+05:30  INFO 252 --- [order-service] [           main] faultConfiguringBeanFactoryPostProcessor : No bean named 'integrationHeaderChannelRegistry' has been explicitly defined. Therefore, a default DefaultHeaderChannelRegistry will be created.
2025-07-01T13:59:29.089+05:30  WARN 252 --- [order-service] [           main] c.f.c.c.BeanFactoryAwareFunctionRegistry : Failed to locate function 'orderCreated' for function definition 'orderCreated'. Returning null.
2025-07-01T13:59:29.474+05:30  INFO 252 --- [order-service] [           main] o.s.i.endpoint.EventDrivenConsumer       : Adding {logging-channel-adapter:_org.springframework.integration.errorLogger} as a subscriber to the 'errorChannel' channel
2025-07-01T13:59:29.475+05:30  INFO 252 --- [order-service] [           main] o.s.i.channel.PublishSubscribeChannel    : Channel 'order-service.errorChannel' has 1 subscriber(s).
2025-07-01T13:59:29.476+05:30  INFO 252 --- [order-service] [           main] o.s.i.endpoint.EventDrivenConsumer       : started bean '_org.springframework.integration.errorLogger'
2025-07-01T13:59:29.478+05:30  INFO 252 --- [order-service] [           main] o.s.c.s.binder.DefaultBinderFactory      : Creating binder: test
2025-07-01T13:59:29.478+05:30  INFO 252 --- [order-service] [           main] o.s.c.s.binder.DefaultBinderFactory      : Constructing binder child context for test
2025-07-01T13:59:29.486+05:30  INFO 252 --- [order-service] [           main] o.s.i.endpoint.EventDrivenConsumer       : Removing {logging-channel-adapter:_org.springframework.integration.errorLogger} as a subscriber to the 'errorChannel' channel
2025-07-01T13:59:29.487+05:30  INFO 252 --- [order-service] [           main] o.s.i.channel.PublishSubscribeChannel    : Channel 'order-service.errorChannel' has 0 subscriber(s).
2025-07-01T13:59:29.487+05:30  INFO 252 --- [order-service] [           main] o.s.i.endpoint.EventDrivenConsumer       : stopped bean '_org.springframework.integration.errorLogger'
2025-07-01T13:59:29.488+05:30  WARN 252 --- [order-service] [           main] onfigReactiveWebServerApplicationContext : Exception encountered during context initialization - cancelling refresh attempt: org.springframework.context.ApplicationContextException: Failed to start bean 'outputBindingLifecycle'
2025-07-01T13:59:29.512+05:30  INFO 252 --- [order-service] [           main] .s.b.a.l.ConditionEvaluationReportLogger :

Error starting ApplicationContext. To display the condition evaluation report re-run your application with 'debug' enabled.
2025-07-01T13:59:29.536+05:30 ERROR 252 --- [order-service] [           main] o.s.boot.SpringApplication               : Application run failed

org.springframework.context.ApplicationContextException: Failed to start bean 'outputBindingLifecycle'
        at org.springframework.context.support.DefaultLifecycleProcessor.doStart(DefaultLifecycleProcessor.java:408) ~[spring-context-6.2.8.jar:6.2.8]
        at org.springframework.context.support.DefaultLifecycleProcessor.doStart(DefaultLifecycleProcessor.java:394) ~[spring-context-6.2.8.jar:6.2.8]
        at org.springframework.context.support.DefaultLifecycleProcessor$LifecycleGroup.start(DefaultLifecycleProcessor.java:586) ~[spring-context-6.2.8.jar:6.2.8]
        at java.base/java.lang.Iterable.forEach(Iterable.java:75) ~[na:na]
        at org.springframework.context.support.DefaultLifecycleProcessor.startBeans(DefaultLifecycleProcessor.java:364) ~[spring-context-6.2.8.jar:6.2.8]
        at org.springframework.context.support.DefaultLifecycleProcessor.onRefresh(DefaultLifecycleProcessor.java:310) ~[spring-context-6.2.8.jar:6.2.8]
        at org.springframework.context.support.AbstractApplicationContext.finishRefresh(AbstractApplicationContext.java:1006) ~[spring-context-6.2.8.jar:6.2.8]
        at org.springframework.context.support.AbstractApplicationContext.refresh(AbstractApplicationContext.java:630) ~[spring-context-6.2.8.jar:6.2.8]
        at org.springframework.boot.web.reactive.context.ReactiveWebServerApplicationContext.refresh(ReactiveWebServerApplicationContext.java:66) ~[spring-boot-3.5.3.jar:3.5.3]
        at org.springframework.boot.SpringApplication.refresh(SpringApplication.java:752) ~[spring-boot-3.5.3.jar:3.5.3]
        at org.springframework.boot.SpringApplication.refreshContext(SpringApplication.java:439) ~[spring-boot-3.5.3.jar:3.5.3]
        at org.springframework.boot.SpringApplication.run(SpringApplication.java:318) ~[spring-boot-3.5.3.jar:3.5.3]
        at org.springframework.boot.SpringApplication.run(SpringApplication.java:1361) ~[spring-boot-3.5.3.jar:3.5.3]
        at org.springframework.boot.SpringApplication.run(SpringApplication.java:1350) ~[spring-boot-3.5.3.jar:3.5.3]
        at com.shop.order_service.OrderServiceApplication.main(OrderServiceApplication.java:10) ~[classes/:na]
Caused by: java.lang.IllegalStateException: Unknown binder configuration: test
        at org.springframework.util.Assert.state(Assert.java:79) ~[spring-core-6.2.8.jar:6.2.8]
        at org.springframework.cloud.stream.binder.DefaultBinderFactory.getBinderInstance(DefaultBinderFactory.java:380) ~[spring-cloud-stream-4.3.0.jar:4.3.0]
        at org.springframework.cloud.stream.binder.DefaultBinderFactory.doGetBinderConventional(DefaultBinderFactory.java:325) ~[spring-cloud-stream-4.3.0.jar:4.3.0]
        at org.springframework.cloud.stream.binder.DefaultBinderFactory.doGetBinder(DefaultBinderFactory.java:214) ~[spring-cloud-stream-4.3.0.jar:4.3.0]
        at org.springframework.cloud.stream.binder.DefaultBinderFactory.getBinder(DefaultBinderFactory.java:197) ~[spring-cloud-stream-4.3.0.jar:4.3.0]
        at org.springframework.cloud.stream.binding.BindingService.createBinderWrapper(BindingService.java:449) ~[spring-cloud-stream-4.3.0.jar:4.3.0]
        at org.springframework.cloud.stream.binding.BindingService.bindProducer(BindingService.java:309) ~[spring-cloud-stream-4.3.0.jar:4.3.0]
        at org.springframework.cloud.stream.binding.BindingService.bindProducer(BindingService.java:314) ~[spring-cloud-stream-4.3.0.jar:4.3.0]
        at org.springframework.cloud.stream.binding.AbstractBindableProxyFactory.createAndBindOutputs(AbstractBindableProxyFactory.java:116) ~[spring-cloud-stream-4.3.0.jar:4.3.0]
        at org.springframework.cloud.stream.binding.OutputBindingLifecycle.doStartWithBindable(OutputBindingLifecycle.java:58) ~[spring-cloud-stream-4.3.0.jar:4.3.0]
        at java.base/java.util.LinkedHashMap$LinkedValues.forEach(LinkedHashMap.java:647) ~[na:na]
        at org.springframework.cloud.stream.binding.AbstractBindingLifecycle.start(AbstractBindingLifecycle.java:60) ~[spring-cloud-stream-4.3.0.jar:4.3.0]
        at org.springframework.context.support.DefaultLifecycleProcessor.doStart(DefaultLifecycleProcessor.java:405) ~[spring-context-6.2.8.jar:6.2.8]
        ... 14 common frames omitted

[INFO] ------------------------------------------------------------------------
[INFO] BUILD FAILURE
[INFO] ------------------------------------------------------------------------
[INFO] Total time:  8.883 s
[INFO] Finished at: 2025-07-01T13:59:29+05:30
[INFO] ------------------------------------------------------------------------
[ERROR] Failed to execute goal org.springframework.boot:spring-boot-maven-plugin:3.5.3:run (default-cli) on project order-service: Process terminated with exit code: 1 -> [Help 1]
[ERROR]
[ERROR] To see the full stack trace of the errors, re-run Maven with the -e switch.
[ERROR] Re-run Maven using the -X switch to enable full debug logging.
[ERROR]
[ERROR] For more information about the errors and possible solutions, please read the following articles:
[ERROR] [Help 1] http://cwiki.apache.org/confluence/display/MAVEN/MojoExecutionException

D:\Spring-Projects\zephyr-shop\order-service\order-service>